<?xml version="1.0" encoding="UTF-8"?>
<!-- Generated by org.testng.reporters.JUnitXMLReporter -->
<testsuite ignored="0" hostname="TL0020" failures="0" tests="4" name="Test" time="27.223" errors="0" timestamp="2022-08-27T19:23:39 IST">
  <testcase classname="testcase.LoginTest" name="runLogin" time="0.633"/>
  <testcase classname="testcase.LoginTest" name="runLogin" time="0.532"/>
  <testcase classname="testcase.CreateLeadTest" name="runCreateLead" time="9.189"/>
  <testcase classname="testcase.CreateLeadTest" name="runCreateLead" time="7.595"/>
</testsuite> <!-- Test -->
