<?xml version="1.0" encoding="UTF-8"?>
<testng-results ignored="0" total="4" passed="4" failed="0" skipped="0">
  <reporter-output>
  </reporter-output>
  <suite started-at="2022-08-27T19:23:11 IST" name="Suite" finished-at="2022-08-27T19:23:39 IST" duration-ms="27223">
    <groups>
    </groups>
    <test started-at="2022-08-27T19:23:11 IST" name="Test" finished-at="2022-08-27T19:23:39 IST" duration-ms="27223">
      <class name="testcase.LoginTest">
        <test-method is-config="true" signature="setFile()[pri:0, instance:testcase.LoginTest@51e69659]" started-at="2022-08-27T19:23:11 IST" name="setFile" finished-at="2022-08-27T19:23:11 IST" duration-ms="1" status="PASS">
          <reporter-output>
          </reporter-output>
        </test-method> <!-- setFile -->
        <test-method is-config="true" signature="preCondition()[pri:0, instance:testcase.LoginTest@51e69659]" started-at="2022-08-27T19:23:13 IST" name="preCondition" finished-at="2022-08-27T19:23:17 IST" duration-ms="4683" status="PASS">
          <reporter-output>
          </reporter-output>
        </test-method> <!-- preCondition -->
        <test-method signature="runLogin(java.lang.String,java.lang.String)[pri:0, instance:testcase.LoginTest@51e69659]" started-at="2022-08-27T19:23:17 IST" name="runLogin" data-provider="testData" finished-at="2022-08-27T19:23:18 IST" duration-ms="633" status="PASS">
          <params>
            <param index="0">
              <value>
                <![CDATA[demosalesmanager]]>
              </value>
            </param>
            <param index="1">
              <value>
                <![CDATA[crmsfa]]>
              </value>
            </param>
          </params>
          <reporter-output>
          </reporter-output>
        </test-method> <!-- runLogin -->
        <test-method is-config="true" signature="postCondition()[pri:0, instance:testcase.LoginTest@51e69659]" started-at="2022-08-27T19:23:18 IST" name="postCondition" finished-at="2022-08-27T19:23:18 IST" duration-ms="135" status="PASS">
          <reporter-output>
          </reporter-output>
        </test-method> <!-- postCondition -->
        <test-method is-config="true" signature="preCondition()[pri:0, instance:testcase.LoginTest@51e69659]" started-at="2022-08-27T19:23:18 IST" name="preCondition" finished-at="2022-08-27T19:23:20 IST" duration-ms="2384" status="PASS">
          <reporter-output>
          </reporter-output>
        </test-method> <!-- preCondition -->
        <test-method signature="runLogin(java.lang.String,java.lang.String)[pri:0, instance:testcase.LoginTest@51e69659]" started-at="2022-08-27T19:23:20 IST" name="runLogin" data-provider="testData" finished-at="2022-08-27T19:23:21 IST" duration-ms="532" status="PASS">
          <params>
            <param index="0">
              <value>
                <![CDATA[democsr]]>
              </value>
            </param>
            <param index="1">
              <value>
                <![CDATA[crmsfa]]>
              </value>
            </param>
          </params>
          <reporter-output>
          </reporter-output>
        </test-method> <!-- runLogin -->
        <test-method is-config="true" signature="postCondition()[pri:0, instance:testcase.LoginTest@51e69659]" started-at="2022-08-27T19:23:21 IST" name="postCondition" finished-at="2022-08-27T19:23:21 IST" duration-ms="174" status="PASS">
          <reporter-output>
          </reporter-output>
        </test-method> <!-- postCondition -->
      </class> <!-- testcase.LoginTest -->
      <class name="testcase.CreateLeadTest">
        <test-method is-config="true" signature="setFile()[pri:0, instance:testcase.CreateLeadTest@12aba8be]" started-at="2022-08-27T19:23:11 IST" name="setFile" finished-at="2022-08-27T19:23:11 IST" duration-ms="10" status="PASS">
          <reporter-output>
          </reporter-output>
        </test-method> <!-- setFile -->
        <test-method is-config="true" signature="preCondition()[pri:0, instance:testcase.CreateLeadTest@12aba8be]" started-at="2022-08-27T19:23:13 IST" name="preCondition" finished-at="2022-08-27T19:23:17 IST" duration-ms="4606" status="PASS">
          <reporter-output>
          </reporter-output>
        </test-method> <!-- preCondition -->
        <test-method signature="runCreateLead(java.lang.String,java.lang.String,java.lang.String,java.lang.String,java.lang.String)[pri:0, instance:testcase.CreateLeadTest@12aba8be]" started-at="2022-08-27T19:23:17 IST" name="runCreateLead" data-provider="testData" finished-at="2022-08-27T19:23:26 IST" duration-ms="9189" status="PASS">
          <params>
            <param index="0">
              <value>
                <![CDATA[demosalesmanager]]>
              </value>
            </param>
            <param index="1">
              <value>
                <![CDATA[crmsfa]]>
              </value>
            </param>
            <param index="2">
              <value>
                <![CDATA[Testleaf]]>
              </value>
            </param>
            <param index="3">
              <value>
                <![CDATA[Princila]]>
              </value>
            </param>
            <param index="4">
              <value>
                <![CDATA[edward]]>
              </value>
            </param>
          </params>
          <reporter-output>
          </reporter-output>
        </test-method> <!-- runCreateLead -->
        <test-method is-config="true" signature="postCondition()[pri:0, instance:testcase.CreateLeadTest@12aba8be]" started-at="2022-08-27T19:23:26 IST" name="postCondition" finished-at="2022-08-27T19:23:27 IST" duration-ms="157" status="PASS">
          <reporter-output>
          </reporter-output>
        </test-method> <!-- postCondition -->
        <test-method is-config="true" signature="preCondition()[pri:0, instance:testcase.CreateLeadTest@12aba8be]" started-at="2022-08-27T19:23:27 IST" name="preCondition" finished-at="2022-08-27T19:23:29 IST" duration-ms="1921" status="PASS">
          <reporter-output>
          </reporter-output>
        </test-method> <!-- preCondition -->
        <test-method signature="runCreateLead(java.lang.String,java.lang.String,java.lang.String,java.lang.String,java.lang.String)[pri:0, instance:testcase.CreateLeadTest@12aba8be]" started-at="2022-08-27T19:23:29 IST" name="runCreateLead" data-provider="testData" finished-at="2022-08-27T19:23:36 IST" duration-ms="7595" status="PASS">
          <params>
            <param index="0">
              <value>
                <![CDATA[democsr]]>
              </value>
            </param>
            <param index="1">
              <value>
                <![CDATA[crmsfa]]>
              </value>
            </param>
            <param index="2">
              <value>
                <![CDATA[Qeagle]]>
              </value>
            </param>
            <param index="3">
              <value>
                <![CDATA[Roseline]]>
              </value>
            </param>
            <param index="4">
              <value>
                <![CDATA[edward]]>
              </value>
            </param>
          </params>
          <reporter-output>
          </reporter-output>
        </test-method> <!-- runCreateLead -->
        <test-method is-config="true" signature="postCondition()[pri:0, instance:testcase.CreateLeadTest@12aba8be]" started-at="2022-08-27T19:23:36 IST" name="postCondition" finished-at="2022-08-27T19:23:39 IST" duration-ms="2422" status="PASS">
          <reporter-output>
          </reporter-output>
        </test-method> <!-- postCondition -->
      </class> <!-- testcase.CreateLeadTest -->
    </test> <!-- Test -->
  </suite> <!-- Suite -->
</testng-results>
